#
# There is insufficient memory for the Java Runtime Environment to continue.
# Native memory allocation (mmap) failed to map 266338304 bytes for Failed to commit area from 0x0000000702a00000 to 0x0000000712800000 of length 266338304.
# Possible reasons:
#   The system is out of physical RAM or swap space
#   The process is running with CompressedOops enabled, and the Java Heap may be blocking the growth of the native heap
# Possible solutions:
#   Reduce memory load on the system
#   Increase physical memory or swap space
#   Check if swap backing store is full
#   Decrease Java heap size (-Xmx/-Xms)
#   Decrease number of Java threads
#   Decrease Java thread stack sizes (-Xss)
#   Set larger code cache with -XX:ReservedCodeCacheSize=
# This output file may be truncated or incomplete.
#
#  Out of Memory Error (src/hotspot/os/windows/os_windows.cpp:3627), pid=6616, tid=21668
#
# JRE version:  (11.0.15) (build )
# Java VM: OpenJDK 64-Bit Server VM (11.0.15+0-b2043.56-9505619, mixed mode, sharing, tiered, compressed oops, g1 gc, windows-amd64)
# No core dump will be written. Minidumps are not enabled by default on client versions of Windows
#

---------------  S U M M A R Y ------------

Command Line: git4idea.http.GitAskPassApp Username for 'https://github.com': 

Host: Intel(R) Core(TM) i7-10510U CPU @ 1.80GHz, 8 cores, 15G,  Windows 11 , 64 bit Build 22621 (10.0.22621.1344)
Time: Fri May 26 23:14:02 2023  Windows 11 , 64 bit Build 22621 (10.0.22621.1344) elapsed time: 0.025690 seconds (0d 0h 0m 0s)

---------------  T H R E A D  ---------------

Current thread (0x00000252e4ed3000):  JavaThread "Unknown thread" [_thread_in_vm, id=21668, stack(0x000000ac6a300000,0x000000ac6a400000)]

Stack: [0x000000ac6a300000,0x000000ac6a400000]
Native frames: (J=compiled Java code, j=interpreted, Vv=VM code, C=native code)
V  [jvm.dll+0x64135a]
V  [jvm.dll+0x7d39f9]
V  [jvm.dll+0x7d51b9]
V  [jvm.dll+0x7d58a3]
V  [jvm.dll+0x2691c5]
V  [jvm.dll+0x63e4e9]
V  [jvm.dll+0x632985]
V  [jvm.dll+0x3231ac]
V  [jvm.dll+0x323032]
V  [jvm.dll+0x327c06]
V  [jvm.dll+0x36ffa2]
V  [jvm.dll+0x36fa01]
V  [jvm.dll+0x2fea28]
V  [jvm.dll+0x2ffb25]
V  [jvm.dll+0x7accd7]
V  [jvm.dll+0x7ae49f]
V  [jvm.dll+0x37d299]
V  [jvm.dll+0x78ef9f]
V  [jvm.dll+0x3ec847]
V  [jvm.dll+0x3eed31]
C  [jli.dll+0x52cb]
C  [ucrtbase.dll+0x29363]
C  [KERNEL32.DLL+0x126bd]
C  [ntdll.dll+0x5a9f8]


---------------  P R O C E S S  ---------------

Threads class SMR info:
_java_thread_list=0x00000252e347e430, length=0, elements={
}

Java Threads: ( => current thread )

Other Threads:
  0x00000252e4eea800 GCTaskThread "GC Thread#0" [stack: 0x000000ac6a400000,0x000000ac6a500000] [id=20416]
  0x00000252e4f47000 ConcurrentGCThread "G1 Main Marker" [stack: 0x000000ac6a500000,0x000000ac6a600000] [id=16828]
  0x00000252e4f49000 ConcurrentGCThread "G1 Conc#0" [stack: 0x000000ac6a600000,0x000000ac6a700000] [id=18520]

[error occurred during error reporting (printing all threads), id 0xc0000005, EXCEPTION_ACCESS_VIOLATION (0xc0000005) at pc=0x00007fff8077f3e7]

VM state:not at safepoint (not fully initialized)

VM Mutex/Monitor currently owned by a thread:  ([mutex/lock_event])
[0x00000252e4ecebb0] Heap_lock - owner thread: 0x00000252e4ed3000

Heap address: 0x0000000702a00000, size: 4054 MB, Compressed Oops mode: Non-zero based: 0x0000000702a00000
Narrow klass base: 0x0000000000000000, Narrow klass shift: 0

GC Heap History (0 events):
No events

Deoptimization events (0 events):
No events

Classes redefined (0 events):
No events

Internal exceptions (0 events):
No events

Events (1 events):
Event: 0.019 Loaded shared library E:\Android\jbr\bin\zip.dll


Dynamic libraries:
0x00007ff63d290000 - 0x00007ff63d29a000 	E:\Android\jbr\bin\java.exe
0x00007fffeb410000 - 0x00007fffeb624000 	C:\WINDOWS\SYSTEM32\ntdll.dll
0x00007fffeb010000 - 0x00007fffeb0d3000 	C:\WINDOWS\System32\KERNEL32.DLL
0x00007fffe8b90000 - 0x00007fffe8f2c000 	C:\WINDOWS\System32\KERNELBASE.dll
0x00007fffe9080000 - 0x00007fffe9191000 	C:\WINDOWS\System32\ucrtbase.dll
0x00007fffe0950000 - 0x00007fffe0967000 	E:\Android\jbr\bin\jli.dll
0x00007fffd5460000 - 0x00007fffd547b000 	E:\Android\jbr\bin\VCRUNTIME140.dll
0x00007fffe9650000 - 0x00007fffe97fd000 	C:\WINDOWS\System32\USER32.dll
0x00007fffe8f30000 - 0x00007fffe8f56000 	C:\WINDOWS\System32\win32u.dll
0x00007fffeb0e0000 - 0x00007fffeb109000 	C:\WINDOWS\System32\GDI32.dll
0x00007fffe8f60000 - 0x00007fffe9073000 	C:\WINDOWS\System32\gdi32full.dll
0x00007fffe8980000 - 0x00007fffe8a1a000 	C:\WINDOWS\System32\msvcp_win.dll
0x00007fffe7550000 - 0x00007fffe77de000 	C:\WINDOWS\WinSxS\amd64_microsoft.windows.common-controls_6595b64144ccf1df_6.0.22621.608_none_a9444ca7c10bb01d\COMCTL32.dll
0x00007fffe9220000 - 0x00007fffe92c7000 	C:\WINDOWS\System32\msvcrt.dll
0x00007fffeb130000 - 0x00007fffeb161000 	C:\WINDOWS\System32\IMM32.DLL
0x0000000050290000 - 0x000000005029c000 	C:\Program Files (x86)\360\360safe\safemon\SafeWrapper.dll
0x00007fffeacf0000 - 0x00007fffead9e000 	C:\WINDOWS\System32\ADVAPI32.dll
0x00007fffe9300000 - 0x00007fffe93a4000 	C:\WINDOWS\System32\sechost.dll
0x00007fffe9dd0000 - 0x00007fffe9ee5000 	C:\WINDOWS\System32\RPCRT4.dll
0x00007fffcd0f0000 - 0x00007fffcd19c000 	C:\Program Files (x86)\360\360safe\safemon\libzdtp64.dll
0x00007fffe9ef0000 - 0x00007fffea6e0000 	C:\WINDOWS\System32\SHELL32.dll
0x00007fffeaa70000 - 0x00007fffeaace000 	C:\WINDOWS\System32\SHLWAPI.dll
0x00007fffe84b0000 - 0x00007fffe84ba000 	C:\WINDOWS\SYSTEM32\VERSION.dll
0x00007fffe08b0000 - 0x00007fffe08bc000 	E:\Android\jbr\bin\vcruntime140_1.dll
0x00007fffc0410000 - 0x00007fffc049d000 	E:\Android\jbr\bin\msvcp140.dll
0x00007fff80470000 - 0x00007fff8102c000 	E:\Android\jbr\bin\server\jvm.dll
0x00007fffe9dc0000 - 0x00007fffe9dc8000 	C:\WINDOWS\System32\PSAPI.DLL
0x00007fffd04e0000 - 0x00007fffd04e9000 	C:\WINDOWS\SYSTEM32\WSOCK32.dll
0x00007fffdff80000 - 0x00007fffdffb4000 	C:\WINDOWS\SYSTEM32\WINMM.dll
0x00007fffe9860000 - 0x00007fffe98d1000 	C:\WINDOWS\System32\WS2_32.dll
0x00007fffe7340000 - 0x00007fffe7358000 	C:\WINDOWS\SYSTEM32\kernel.appcore.dll
0x00007fffe8050000 - 0x00007fffe8060000 	E:\Android\jbr\bin\verify.dll
0x00007fffe8160000 - 0x00007fffe838e000 	C:\WINDOWS\SYSTEM32\DBGHELP.DLL
0x00007fffea6e0000 - 0x00007fffeaa69000 	C:\WINDOWS\System32\combase.dll
0x00007fffeab80000 - 0x00007fffeac57000 	C:\WINDOWS\System32\OLEAUT32.dll
0x00007fffe7fd0000 - 0x00007fffe8002000 	C:\WINDOWS\SYSTEM32\dbgcore.DLL
0x00007fffe91a0000 - 0x00007fffe921b000 	C:\WINDOWS\System32\bcryptPrimitives.dll
0x00007fffe0a60000 - 0x00007fffe0a88000 	E:\Android\jbr\bin\java.dll
0x00007fffe8040000 - 0x00007fffe804a000 	E:\Android\jbr\bin\jimage.dll
0x00007fffe1b00000 - 0x00007fffe1b18000 	E:\Android\jbr\bin\zip.dll

dbghelp: loaded successfully - version: 4.0.5 - missing functions: none
symbol engine: initialized successfully - sym options: 0x614 - pdb path: .;E:\Android\jbr\bin;C:\WINDOWS\SYSTEM32;C:\WINDOWS\WinSxS\amd64_microsoft.windows.common-controls_6595b64144ccf1df_6.0.22621.608_none_a9444ca7c10bb01d;C:\Program Files (x86)\360\360safe\safemon;E:\Android\jbr\bin\server

VM Arguments:
java_command: git4idea.http.GitAskPassApp Username for 'https://github.com': 
java_class_path (initial): E:/Android/plugins/git4idea/lib/git4idea-rt.jar;E:/Android/lib/externalProcess-rt.jar;E:/Android/lib/app.jar;E:/Android/lib/3rd-party-rt.jar
Launcher Type: SUN_STANDARD

[Global flags]
     intx CICompilerCount                          = 4                                         {product} {ergonomic}
     uint ConcGCThreads                            = 2                                         {product} {ergonomic}
     uint G1ConcRefinementThreads                  = 8                                         {product} {ergonomic}
   size_t G1HeapRegionSize                         = 1048576                                   {product} {ergonomic}
    uintx GCDrainStackTargetSize                   = 64                                        {product} {ergonomic}
   size_t InitialHeapSize                          = 266338304                                 {product} {ergonomic}
   size_t MarkStackSize                            = 4194304                                   {product} {ergonomic}
   size_t MaxHeapSize                              = 4250927104                                {product} {ergonomic}
   size_t MinHeapDeltaBytes                        = 1048576                                   {product} {ergonomic}
    uintx NonNMethodCodeHeapSize                   = 5836300                                {pd product} {ergonomic}
    uintx NonProfiledCodeHeapSize                  = 122910970                              {pd product} {ergonomic}
    uintx ProfiledCodeHeapSize                     = 122910970                              {pd product} {ergonomic}
    uintx ReservedCodeCacheSize                    = 251658240                              {pd product} {ergonomic}
     bool SegmentedCodeCache                       = true                                      {product} {ergonomic}
     bool UseCompressedClassPointers               = true                                 {lp64_product} {ergonomic}
     bool UseCompressedOops                        = true                                 {lp64_product} {ergonomic}
     bool UseG1GC                                  = true                                      {product} {ergonomic}
     bool UseLargePagesIndividualAllocation        = false                                  {pd product} {ergonomic}

Logging:
Log output configuration:
 #0: stdout all=warning uptime,level,tags
 #1: stderr all=off uptime,level,tags

Environment Variables:
JAVA_HOME=E:\jdk
CLASSPATH=E:\AndroidFile\MeiTuan\apache-tomcat-8.5.65
PATH=F:\Git\mingw64\libexec\git-core;F:\Git\mingw64\libexec\git-core;F:\Git\mingw64\bin;F:\Git\usr\bin;C:\Users\ZMY\bin;C:\Program Files (x86)\Common Files\Oracle\Java\javapath;E:\jdk\bin;E:\jdk\jre\bin;C:\WINDOWS\system32;C:\WINDOWS;C:\WINDOWS\System32\Wbem;C:\WINDOWS\System32\WindowsPowerShell\v1.0;C:\WINDOWS\System32\OpenSSH;E:\Mongodb\Server\bin;E:\Mongodb\mongosh-1.6.0-win32-x64\bin;F:\Git\cmd;C:\Users\ZMY\AppData\Local\Microsoft\WindowsApps;E:\IntelliJ IDEA\IntelliJ IDEA Community Edition 2021.1\bin;D:\Microsoft VS Code\bin;F:\PyCharm Community Edition 2022.1\bin;F:\sql\bin;E:\AndroidFile\MeiTuan\apache-tomcat-8.5.65\lib;E:\AndroidFile\MeiTuan\apache-tomcat-8.5.65\bin;E:\hadoop-3.1.0\bin;E:\hadoop-3.1.0\sbin;E:\Maven_Repository\apache-maven-3.6.1\bin;E:\Mongodb\Server\bin;E:\Mongodb\mongosh-1.6.0-win32-x64\bin
USERNAME=ZMY
DISPLAY=:0.0
LC_ALL=en_US.UTF-8
OS=Windows_NT
PROCESSOR_IDENTIFIER=Intel64 Family 6 Model 142 Stepping 12, GenuineIntel



---------------  S Y S T E M  ---------------

OS: Windows 11 , 64 bit Build 22621 (10.0.22621.1344)
OS uptime: 0 days 12:20 hours

CPU:total 8 (initial active 8) (4 cores per cpu, 2 threads per core) family 6 model 142 stepping 12 microcode 0xde, cmov, cx8, fxsr, mmx, sse, sse2, sse3, ssse3, sse4.1, sse4.2, popcnt, avx, avx2, aes, clmul, erms, 3dnowpref, lzcnt, ht, tsc, tscinvbit, bmi1, bmi2, adx, fma

Memory: 4k page, system-wide physical 16212M (4225M free)
TotalPageFile size 20308M (AvailPageFile size 129M)
current process WorkingSet (physical memory assigned to process): 13M, peak: 13M
current process commit charge ("private bytes"): 61M, peak: 315M

vm_info: OpenJDK 64-Bit Server VM (11.0.15+0-b2043.56-9505619) for windows-amd64 JRE (11.0.15+0-b2043.56-9505619), built on Jan 19 2023 02:48:00 by "builduser" with unknown MS VC++:1929

END.
